<?xml version="1.0" encoding="UTF-8"?>
<testng-results ignored="0" total="1" passed="1" failed="0" skipped="0">
  <reporter-output>
    <line>
      <![CDATA[using chrome]]>
    </line>
  </reporter-output>
  <suite started-at="2021-12-27T16:17:08 EST" name="Default suite" finished-at="2021-12-27T16:17:15 EST" duration-ms="7277">
    <groups>
    </groups>
    <test started-at="2021-12-27T16:17:08 EST" name="Default test" finished-at="2021-12-27T16:17:15 EST" duration-ms="7277">
      <class name="testNGpkg.testcase1">
        <test-method is-config="true" signature="beforeMethod()[pri:0, instance:testNGpkg.testcase1@78e117e3]" started-at="2021-12-27T16:17:08 EST" name="beforeMethod" finished-at="2021-12-27T16:17:08 EST" duration-ms="8" status="PASS">
          <reporter-output>
          </reporter-output>
        </test-method> <!-- beforeMethod -->
        <test-method signature="f()[pri:0, instance:testNGpkg.testcase1@78e117e3]" started-at="2021-12-27T16:17:08 EST" name="f" finished-at="2021-12-27T16:17:11 EST" duration-ms="3038" status="PASS">
          <reporter-output>
            <line>
              <![CDATA[using chrome]]>
            </line>
          </reporter-output>
        </test-method> <!-- f -->
        <test-method is-config="true" signature="afterMethod()[pri:0, instance:testNGpkg.testcase1@78e117e3]" started-at="2021-12-27T16:17:11 EST" name="afterMethod" finished-at="2021-12-27T16:17:15 EST" duration-ms="4185" status="PASS">
          <reporter-output>
          </reporter-output>
        </test-method> <!-- afterMethod -->
      </class> <!-- testNGpkg.testcase1 -->
    </test> <!-- Default test -->
  </suite> <!-- Default suite -->
</testng-results>
